0 info it worked if it ends with ok
1 verbose cli [ '/home/ubuntu/.nvm/versions/node/v6.11.2/bin/node',
1 verbose cli   '/home/ubuntu/.nvm/versions/node/v6.11.2/bin/npm',
1 verbose cli   'publish' ]
2 info using npm@3.10.10
3 info using node@v6.11.2
4 verbose publish [ '.' ]
5 silly cache add args [ '.', null ]
6 verbose cache add spec .
7 silly cache add parsed spec Result {
7 silly cache add   raw: '.',
7 silly cache add   scope: null,
7 silly cache add   escapedName: null,
7 silly cache add   name: null,
7 silly cache add   rawSpec: '.',
7 silly cache add   spec: '/home/ubuntu/workspace',
7 silly cache add   type: 'directory' }
8 verbose addLocalDirectory /home/ubuntu/.npm/@sphinxxxx/color-conversion/2.1.1/package.tgz not in flight; packing
9 verbose correctMkdir /home/ubuntu/.npm correctMkdir not in flight; initializing
10 info lifecycle @sphinxxxx/color-conversion@2.1.1~prepublish: @sphinxxxx/color-conversion@2.1.1
11 verbose lifecycle @sphinxxxx/color-conversion@2.1.1~prepublish: unsafe-perm in lifecycle true
12 verbose lifecycle @sphinxxxx/color-conversion@2.1.1~prepublish: PATH: /home/ubuntu/.nvm/versions/node/v6.11.2/lib/node_modules/npm/bin/node-gyp-bin:/home/ubuntu/workspace/node_modules/.bin:/home/ubuntu/.nvm/versions/node/v6.11.2/bin:/usr/local/rvm/gems/ruby-2.4.0/bin:/usr/local/rvm/gems/ruby-2.4.0@global/bin:/usr/local/rvm/rubies/ruby-2.4.0/bin:/mnt/shared/bin:/home/ubuntu/workspace/node_modules/.bin:/home/ubuntu/bin:/usr/local/sbin:/usr/local/bin:/usr/sbin:/usr/bin:/sbin:/bin:/mnt/shared/sbin:/opt/gitl:/opt/go/bin:/mnt/shared/c9/app.nw/bin:/usr/local/rvm/bin
13 verbose lifecycle @sphinxxxx/color-conversion@2.1.1~prepublish: CWD: /home/ubuntu/workspace
14 silly lifecycle @sphinxxxx/color-conversion@2.1.1~prepublish: Args: [ '-c', 'bash ./scripts/prepub.sh' ]
15 silly lifecycle @sphinxxxx/color-conversion@2.1.1~prepublish: Returned: code: 0  signal: null
16 verbose tar pack [ '/home/ubuntu/.npm/@sphinxxxx/color-conversion/2.1.1/package.tgz',
16 verbose tar pack   '/home/ubuntu/workspace' ]
17 verbose tarball /home/ubuntu/.npm/@sphinxxxx/color-conversion/2.1.1/package.tgz
18 verbose folder /home/ubuntu/workspace
19 verbose addLocalTarball adding from inside cache /home/ubuntu/.npm/@sphinxxxx/color-conversion/2.1.1/package.tgz
20 verbose correctMkdir /home/ubuntu/.npm correctMkdir not in flight; initializing
21 silly cache afterAdd @sphinxxxx/color-conversion@2.1.1
22 verbose afterAdd /home/ubuntu/.npm/@sphinxxxx/color-conversion/2.1.1/package/package.json not in flight; writing
23 verbose correctMkdir /home/ubuntu/.npm correctMkdir not in flight; initializing
24 verbose afterAdd /home/ubuntu/.npm/@sphinxxxx/color-conversion/2.1.1/package/package.json written
25 silly publish { name: '@sphinxxxx/color-conversion',
25 silly publish   version: '2.1.1',
25 silly publish   description: 'Convert colors between RGBA/HSLA/Hex',
25 silly publish   homepage: 'https://github.com/Sphinxxxx/color-conversion',
25 silly publish   author: { name: 'Joudee', url: 'https://github.com/Joudee' },
25 silly publish   license: 'ISC',
25 silly publish   repository:
25 silly publish    { type: 'git',
25 silly publish      url: 'git+https://github.com/Sphinxxxx/color-conversion.git' },
25 silly publish   main: 'dist/color-conversion.js',
25 silly publish   module: 'src/color.js',
25 silly publish   files: [ 'src/', 'dist/' ],
25 silly publish   scripts:
25 silly publish    { prepublish: 'bash ./scripts/prepub.sh',
25 silly publish      postpublish: 'bash ./scripts/postpub.sh',
25 silly publish      test: 'echo "Error: no test specified" && exit 1' },
25 silly publish   devDependencies:
25 silly publish    { 'babel-core': '^6.26.0',
25 silly publish      'babel-plugin-external-helpers': '^6.22.0',
25 silly publish      'babel-preset-env': '^1.6.1',
25 silly publish      'babel-register': '^6.26.0',
25 silly publish      gulp: '^4.0.0',
25 silly publish      'gulp-file': '^0.4.0',
25 silly publish      'gulp-header': '^2.0.1',
25 silly publish      'gulp-rename': '^1.2.2',
25 silly publish      'gulp-strip-comments': '^2.5.2',
25 silly publish      'gulp-uglify': '^3.0.0',
25 silly publish      rollup: '^0.56.2',
25 silly publish      'rollup-plugin-babel': '^3.0.3' },
25 silly publish   readme: '# color-conversion\n\nJavaScript library for color conversion and manipulation with support for CSS color syntax.\n\nDemo: https://rawgit.com/Sphinxxxx/color-conversion/master/demo/index.html\n\n## Usage\n\n```js\n<script src="https://unpkg.com/@sphinxxxx/color-conversion@2"></script>\n\n<script>\n    //rgba/hsla/hex string, CSS color name, or rgba array:\n    var color = new Color(\'rgb(200, 250, 0)\');\n    \n    color.hsla;  // [0.2, 1, 0.49, 1]\n    color.rgba;  // [200, 250, 0, 1]\n    \n    color.hslaString;  // "hsla(72,100%,49.02%,1)"\n    color.rgbaString;  // "rgba(200,250,0,1)"\n    color.hex;         // "#c8fa00ff"\n</script>\n```\n',
25 silly publish   readmeFilename: 'README.md',
25 silly publish   gitHead: '7c69bcb973ca4122fc57f2e934cc4bd65f86ba31',
25 silly publish   bugs: { url: 'https://github.com/Sphinxxxx/color-conversion/issues' },
25 silly publish   _id: '@sphinxxxx/color-conversion@2.1.1',
25 silly publish   _shasum: '5bfc5f31185e85e6c1ebc062f4e23ac48aba5edd',
25 silly publish   _from: '.' }
26 verbose getPublishConfig undefined
27 silly mapToRegistry name @sphinxxxx/color-conversion
28 silly mapToRegistry scope (from package name) @sphinxxxx
29 verbose mapToRegistry no registry URL found in name for scope @sphinxxxx
30 silly mapToRegistry using default registry
31 silly mapToRegistry registry https://registry.npmjs.org/
32 silly mapToRegistry data Result {
32 silly mapToRegistry   raw: '@sphinxxxx/color-conversion',
32 silly mapToRegistry   scope: '@sphinxxxx',
32 silly mapToRegistry   escapedName: '@sphinxxxx%2fcolor-conversion',
32 silly mapToRegistry   name: '@sphinxxxx/color-conversion',
32 silly mapToRegistry   rawSpec: '',
32 silly mapToRegistry   spec: 'latest',
32 silly mapToRegistry   type: 'tag' }
33 silly mapToRegistry uri https://registry.npmjs.org/@sphinxxxx%2fcolor-conversion
34 verbose publish registryBase https://registry.npmjs.org/
35 silly publish uploading /home/ubuntu/.npm/@sphinxxxx/color-conversion/2.1.1/package.tgz
36 verbose request uri https://registry.npmjs.org/@sphinxxxx%2fcolor-conversion
37 verbose request sending authorization for write operation
38 info attempt registry request try #1 at 9:45:50 PM
39 verbose request using bearer token for auth
40 verbose request id c32537f4da2e63c2
41 http request PUT https://registry.npmjs.org/@sphinxxxx%2fcolor-conversion
42 http 403 https://registry.npmjs.org/@sphinxxxx%2fcolor-conversion
43 verbose headers { date: 'Mon, 12 Nov 2018 21:45:51 GMT',
43 verbose headers   'content-type': 'application/json',
43 verbose headers   'transfer-encoding': 'chunked',
43 verbose headers   connection: 'keep-alive',
43 verbose headers   'set-cookie': [ '__cfduid=d78ba6d81e44b1ea413ec3e9feb989f3d1542059150; expires=Tue, 12-Nov-19 21:45:50 GMT; path=/; domain=.registry.npmjs.org; HttpOnly' ],
43 verbose headers   'cf-ray': '478c301b0df33c5f-CDG',
43 verbose headers   'expect-ct': 'max-age=604800, report-uri="https://report-uri.cloudflare.com/cdn-cgi/beacon/expect-ct"',
43 verbose headers   vary: 'Accept-Encoding',
43 verbose headers   server: 'cloudflare',
43 verbose headers   'content-encoding': 'gzip' }
44 verbose request invalidating /home/ubuntu/.npm/registry.npmjs.org/_40sphinxxxx_252fcolor-conversion on PUT
45 error publish Failed PUT 403
46 verbose stack Error: You cannot publish over the previously published versions: 2.1.1. : @sphinxxxx/color-conversion
46 verbose stack     at makeError (/home/ubuntu/.nvm/versions/node/v6.11.2/lib/node_modules/npm/node_modules/npm-registry-client/lib/request.js:302:12)
46 verbose stack     at CachingRegistryClient.<anonymous> (/home/ubuntu/.nvm/versions/node/v6.11.2/lib/node_modules/npm/node_modules/npm-registry-client/lib/request.js:290:14)
46 verbose stack     at /home/ubuntu/.nvm/versions/node/v6.11.2/lib/node_modules/npm/node_modules/npm-registry-client/lib/request.js:216:7
46 verbose stack     at Gunzip.onEnd (zlib.js:227:5)
46 verbose stack     at emitNone (events.js:91:20)
46 verbose stack     at Gunzip.emit (events.js:185:7)
46 verbose stack     at endReadableNT (_stream_readable.js:974:12)
46 verbose stack     at _combinedTickCallback (internal/process/next_tick.js:80:11)
46 verbose stack     at process._tickCallback (internal/process/next_tick.js:104:9)
47 verbose statusCode 403
48 verbose pkgid @sphinxxxx/color-conversion
49 verbose cwd /home/ubuntu/workspace
50 error Linux 4.9.120-c9
51 error argv "/home/ubuntu/.nvm/versions/node/v6.11.2/bin/node" "/home/ubuntu/.nvm/versions/node/v6.11.2/bin/npm" "publish"
52 error node v6.11.2
53 error npm  v3.10.10
54 error code E403
55 error You cannot publish over the previously published versions: 2.1.1. : @sphinxxxx/color-conversion
56 error If you need help, you may report this error at:
56 error     <https://github.com/npm/npm/issues>
57 verbose exit [ 1, true ]
